integrator.mag
----------------------------------------
P-diff distance to N-tap must be < 15.0um (LU.3)
----------------------------------------
 196.170um 79.885um 196.460um 86.545um
 206.460um 79.885um 206.750um 86.545um
 216.750um 79.885um 217.040um 86.545um
 227.040um 79.885um 227.330um 86.545um
 237.330um 79.885um 237.620um 86.545um
 247.620um 79.885um 247.910um 86.545um
 257.910um 79.885um 258.200um 86.545um
 268.200um 79.885um 268.490um 86.545um
 278.490um 79.885um 278.780um 86.545um
 288.780um 79.885um 289.070um 86.545um
 299.070um 79.885um 299.360um 86.545um
 309.360um 79.885um 309.650um 86.545um
 319.650um 79.885um 319.940um 86.545um
----------------------------------------
Spacing of metal1 features attached to and within 0.28um of large metal1 < 0.28um (met1.3a)
----------------------------------------
 138.520um 3.745um 138.710um 3.975um
 141.730um 3.745um 142.010um 3.975um
 141.450um 3.975um 141.730um 4.000um
 138.800um 3.975um 138.990um 4.000um
----------------------------------------
[INFO] COUNT: 17
[INFO] Should be divided by 3 or 4

