integrator.mag
----------------------------------------
P-diff distance to N-tap must be < 15.0um (LU.3)
----------------------------------------
 103.320um 77.975um 103.610um 84.635um
 113.610um 77.975um 113.900um 84.635um
 123.900um 77.975um 124.190um 84.635um
 134.190um 77.975um 134.480um 84.635um
 144.480um 77.975um 144.770um 84.635um
 154.770um 77.975um 155.060um 84.635um
 165.060um 77.975um 165.350um 84.635um
 175.350um 77.975um 175.640um 84.635um
 185.640um 77.975um 185.930um 84.635um
 195.930um 77.975um 196.220um 84.635um
 206.220um 77.975um 206.510um 84.635um
 216.510um 77.975um 216.800um 84.635um
 226.800um 77.975um 227.090um 84.635um
----------------------------------------
[INFO] COUNT: 13
[INFO] Should be divided by 3 or 4

