Netgen 1.5.244 compiled on Sun Mar 19 18:14:04 CET 2023
Warning: netgen command 'format' use fully-qualified name '::netgen::format'
Warning: netgen command 'global' use fully-qualified name '::netgen::global'
Reading netlist file merge1.ext.spc
Call to undefined subcircuit sky130_fd_pr__pfet_01v8
Creating placeholder cell definition.
Call to undefined subcircuit sky130_fd_pr__nfet_01v8
Creating placeholder cell definition.
Call to undefined subcircuit sky130_fd_pr__cap_mim_m3_2
Creating placeholder cell definition.
Call to undefined subcircuit sky130_fd_pr__pfet_01v8_hvt
Creating placeholder cell definition.
Call to undefined subcircuit sky130_fd_pr__cap_var_lvt
Creating placeholder cell definition.
Call to undefined subcircuit sky130_fd_pr__cap_mim_m3_1
Creating placeholder cell definition.
Call to undefined subcircuit sky130_fd_pr__nfet_01v8_lvt
Creating placeholder cell definition.
Reading netlist file merge1.sch.spc
Reading setup file /foss/pdks/sky130A/libs.tech/netgen/sky130A_setup.tcl
Model sky130_fd_pr__res_generic_po pin end_a == end_b
No property mult found for device sky130_fd_pr__res_generic_po
Model sky130_fd_pr__res_generic_m3 pin end_a == end_b
No property mult found for device sky130_fd_pr__res_generic_m3
Model sky130_fd_pr__res_generic_m3 pin end_a == end_b
No property mult found for device sky130_fd_pr__res_generic_m3
Model sky130_fd_pr__nfet_01v8 pin 1 == 3
No property mult found for device sky130_fd_pr__nfet_01v8
No property sa found for device sky130_fd_pr__nfet_01v8
No property sb found for device sky130_fd_pr__nfet_01v8
No property sd found for device sky130_fd_pr__nfet_01v8
No property nf found for device sky130_fd_pr__nfet_01v8
No property nrd found for device sky130_fd_pr__nfet_01v8
No property nrs found for device sky130_fd_pr__nfet_01v8
No property area found for device sky130_fd_pr__nfet_01v8
No property perim found for device sky130_fd_pr__nfet_01v8
No property topography found for device sky130_fd_pr__nfet_01v8
Model sky130_fd_pr__nfet_01v8_lvt pin 1 == 3
No property mult found for device sky130_fd_pr__nfet_01v8_lvt
No property sa found for device sky130_fd_pr__nfet_01v8_lvt
No property sb found for device sky130_fd_pr__nfet_01v8_lvt
No property sd found for device sky130_fd_pr__nfet_01v8_lvt
No property nf found for device sky130_fd_pr__nfet_01v8_lvt
No property nrd found for device sky130_fd_pr__nfet_01v8_lvt
No property nrs found for device sky130_fd_pr__nfet_01v8_lvt
No property area found for device sky130_fd_pr__nfet_01v8_lvt
No property perim found for device sky130_fd_pr__nfet_01v8_lvt
No property topography found for device sky130_fd_pr__nfet_01v8_lvt
Model sky130_fd_pr__pfet_01v8 pin 1 == 3
No property mult found for device sky130_fd_pr__pfet_01v8
No property sa found for device sky130_fd_pr__pfet_01v8
No property sb found for device sky130_fd_pr__pfet_01v8
No property sd found for device sky130_fd_pr__pfet_01v8
No property nf found for device sky130_fd_pr__pfet_01v8
No property nrd found for device sky130_fd_pr__pfet_01v8
No property nrs found for device sky130_fd_pr__pfet_01v8
No property area found for device sky130_fd_pr__pfet_01v8
No property perim found for device sky130_fd_pr__pfet_01v8
No property topography found for device sky130_fd_pr__pfet_01v8
Model sky130_fd_pr__pfet_01v8_hvt pin 1 == 3
No property mult found for device sky130_fd_pr__pfet_01v8_hvt
No property sa found for device sky130_fd_pr__pfet_01v8_hvt
No property sb found for device sky130_fd_pr__pfet_01v8_hvt
No property sd found for device sky130_fd_pr__pfet_01v8_hvt
No property nf found for device sky130_fd_pr__pfet_01v8_hvt
No property nrd found for device sky130_fd_pr__pfet_01v8_hvt
No property nrs found for device sky130_fd_pr__pfet_01v8_hvt
No property area found for device sky130_fd_pr__pfet_01v8_hvt
No property perim found for device sky130_fd_pr__pfet_01v8_hvt
No property topography found for device sky130_fd_pr__pfet_01v8_hvt
Model sky130_fd_pr__cap_var_lvt pin 1 == 3
No property as found for device sky130_fd_pr__cap_var_lvt
No property ad found for device sky130_fd_pr__cap_var_lvt
No property ps found for device sky130_fd_pr__cap_var_lvt
No property pd found for device sky130_fd_pr__cap_var_lvt
No property mult found for device sky130_fd_pr__cap_var_lvt
No property sa found for device sky130_fd_pr__cap_var_lvt
No property sb found for device sky130_fd_pr__cap_var_lvt
No property sd found for device sky130_fd_pr__cap_var_lvt
No property nf found for device sky130_fd_pr__cap_var_lvt
No property nrd found for device sky130_fd_pr__cap_var_lvt
No property nrs found for device sky130_fd_pr__cap_var_lvt
No property area found for device sky130_fd_pr__cap_var_lvt
No property perim found for device sky130_fd_pr__cap_var_lvt
No property topography found for device sky130_fd_pr__cap_var_lvt
No property value found for device sky130_fd_pr__diode_pw2nd_05v5
No property mult found for device sky130_fd_pr__diode_pw2nd_05v5
No property perim found for device sky130_fd_pr__diode_pw2nd_05v5
No property area found for device sky130_fd_pr__cap_mim_m3_1
No property value found for device sky130_fd_pr__cap_mim_m3_1
No property mult found for device sky130_fd_pr__cap_mim_m3_1
No property perim found for device sky130_fd_pr__cap_mim_m3_1
No property mf found for device sky130_fd_pr__cap_mim_m3_1
No property area found for device sky130_fd_pr__cap_mim_m3_2
No property value found for device sky130_fd_pr__cap_mim_m3_2
No property mult found for device sky130_fd_pr__cap_mim_m3_2
No property perim found for device sky130_fd_pr__cap_mim_m3_2
No property mf found for device sky130_fd_pr__cap_mim_m3_2
Comparison output logged to file merge1.lvs.out
Logging to file "merge1.lvs.out" enabled

Contents of circuit 1:  Circuit: 'merge1'
Circuit merge1 contains 42990 device instances.
  Class: sky130_fd_pr__nfet_01v8 instances: 20854
  Class: sky130_fd_pr__cap_mim_m3_1 instances: 115
  Class: sky130_fd_pr__cap_mim_m3_2 instances:   2
  Class: sky130_fd_pr__nfet_01v8_lvt instances:  10
  Class: sky130_fd_pr__pfet_01v8_hvt instances: 14582
  Class: sky130_fd_pr__pfet_01v8 instances: 6178
  Class: sky130_fd_pr__diode_pw2nd_05v5 instances: 1117
  Class: sky130_fd_pr__res_generic_po instances:   8
  Class: sky130_fd_pr__cap_var_lvt instances: 115
  Class: sky130_fd_pr__res_generic_m3 instances:   9
Circuit contains 15164 nets.
Contents of circuit 2:  Circuit: 'merge1'
Circuit merge1 contains 9 device instances.
  Class: sky130_fd_pr__res_generic_m3 instances:   9
Circuit contains 11 nets, and 683 disconnected pins.

Circuit was modified by parallel/series device merging.
New circuit summary:

Contents of circuit 1:  Circuit: 'merge1'
Circuit merge1 contains 31595 device instances.
  Class: sky130_fd_pr__nfet_01v8 instances: 15681
  Class: sky130_fd_pr__cap_mim_m3_1 instances:  10
  Class: sky130_fd_pr__cap_mim_m3_2 instances:   2
  Class: sky130_fd_pr__nfet_01v8_lvt instances:   4
  Class: sky130_fd_pr__pfet_01v8_hvt instances: 9390
  Class: sky130_fd_pr__pfet_01v8 instances: 6128
  Class: sky130_fd_pr__diode_pw2nd_05v5 instances: 368
  Class: sky130_fd_pr__res_generic_po instances:   6
  Class: sky130_fd_pr__cap_var_lvt instances:   4
  Class: sky130_fd_pr__res_generic_m3 instances:   2
Circuit contains 15164 nets.
Contents of circuit 2:  Circuit: 'merge1'
Circuit merge1 contains 8 device instances.
  Class: sky130_fd_pr__res_generic_m3 instances:   8
Circuit contains 10 nets, and 683 disconnected pins.

Circuit 1 contains 31595 devices, Circuit 2 contains 8 devices. *** MISMATCH ***
Circuit 1 contains 14523 nets,    Circuit 2 contains 10 nets. *** MISMATCH ***


Final result: 
Top level cell failed pin matching.

Logging to file "merge1.lvs.out" disabled
LVS Done.
