merg1b.mag
----------------------------------------
P-diff distance to N-tap must be < 15.0um (LU.3)
----------------------------------------
 309.960um 200.725um 310.250um 207.385um
 320.250um 200.725um 320.540um 207.385um
 330.540um 200.725um 330.830um 207.385um
 340.830um 200.725um 341.120um 207.385um
 351.120um 200.725um 351.410um 207.385um
 361.410um 200.725um 361.700um 207.385um
 371.700um 200.725um 371.990um 207.385um
 381.990um 200.725um 382.280um 207.385um
 392.280um 200.725um 392.570um 207.385um
 402.570um 200.725um 402.860um 207.385um
 412.860um 200.725um 413.150um 207.385um
 423.150um 200.725um 423.440um 207.385um
 433.440um 200.725um 433.730um 207.385um
----------------------------------------
[INFO] COUNT: 13
[INFO] Should be divided by 3 or 4

