
Circuit 1 cell sky130_fd_pr__nfet_01v8 and Circuit 2 cell sky130_fd_pr__nfet_01v8 are black boxes.
Warning: Equate pins:  cell sky130_fd_pr__nfet_01v8 is a placeholder, treated as a black box.
Warning: Equate pins:  cell sky130_fd_pr__nfet_01v8 is a placeholder, treated as a black box.

Subcircuit pins:
Circuit 1: sky130_fd_pr__nfet_01v8         |Circuit 2: sky130_fd_pr__nfet_01v8         
-------------------------------------------|-------------------------------------------
1                                          |1                                          
2                                          |2                                          
3                                          |3                                          
4                                          |4                                          
---------------------------------------------------------------------------------------
Cell pin lists are equivalent.
Device classes sky130_fd_pr__nfet_01v8 and sky130_fd_pr__nfet_01v8 are equivalent.

Circuit 1 cell sky130_fd_pr__pfet_01v8_hvt and Circuit 2 cell sky130_fd_pr__pfet_01v8_hvt are black boxes.
Warning: Equate pins:  cell sky130_fd_pr__pfet_01v8_hvt is a placeholder, treated as a black box.
Warning: Equate pins:  cell sky130_fd_pr__pfet_01v8_hvt is a placeholder, treated as a black box.

Subcircuit pins:
Circuit 1: sky130_fd_pr__pfet_01v8_hvt     |Circuit 2: sky130_fd_pr__pfet_01v8_hvt     
-------------------------------------------|-------------------------------------------
1                                          |1                                          
2                                          |2                                          
3                                          |3                                          
4                                          |4                                          
---------------------------------------------------------------------------------------
Cell pin lists are equivalent.
Device classes sky130_fd_pr__pfet_01v8_hvt and sky130_fd_pr__pfet_01v8_hvt are equivalent.

Circuit 1 cell sky130_fd_pr__cap_mim_m3_1 and Circuit 2 cell sky130_fd_pr__cap_mim_m3_1 are black boxes.
Warning: Equate pins:  cell sky130_fd_pr__cap_mim_m3_1 is a placeholder, treated as a black box.
Warning: Equate pins:  cell sky130_fd_pr__cap_mim_m3_1 is a placeholder, treated as a black box.

Subcircuit pins:
Circuit 1: sky130_fd_pr__cap_mim_m3_1      |Circuit 2: sky130_fd_pr__cap_mim_m3_1      
-------------------------------------------|-------------------------------------------
1                                          |1                                          
2                                          |2                                          
---------------------------------------------------------------------------------------
Cell pin lists are equivalent.
Device classes sky130_fd_pr__cap_mim_m3_1 and sky130_fd_pr__cap_mim_m3_1 are equivalent.

Circuit 1 cell sky130_fd_pr__pfet_01v8 and Circuit 2 cell sky130_fd_pr__pfet_01v8 are black boxes.
Warning: Equate pins:  cell sky130_fd_pr__pfet_01v8 is a placeholder, treated as a black box.
Warning: Equate pins:  cell sky130_fd_pr__pfet_01v8 is a placeholder, treated as a black box.

Subcircuit pins:
Circuit 1: sky130_fd_pr__pfet_01v8         |Circuit 2: sky130_fd_pr__pfet_01v8         
-------------------------------------------|-------------------------------------------
1                                          |1                                          
2                                          |2                                          
3                                          |3                                          
4                                          |4                                          
---------------------------------------------------------------------------------------
Cell pin lists are equivalent.
Device classes sky130_fd_pr__pfet_01v8 and sky130_fd_pr__pfet_01v8 are equivalent.

Subcircuit summary:
Circuit 1: sky130_fd_sc_hd__inv_1          |Circuit 2: sky130_fd_sc_hd__inv_1          
-------------------------------------------|-------------------------------------------
sky130_fd_pr__nfet_01v8 (1)                |sky130_fd_pr__nfet_01v8 (1)                
sky130_fd_pr__pfet_01v8_hvt (1)            |sky130_fd_pr__pfet_01v8_hvt (1)            
Number of devices: 2                       |Number of devices: 2                       
Number of nets: 6                          |Number of nets: 6                          
---------------------------------------------------------------------------------------
Netlists match uniquely.

Subcircuit pins:
Circuit 1: sky130_fd_sc_hd__inv_1          |Circuit 2: sky130_fd_sc_hd__inv_1          
-------------------------------------------|-------------------------------------------
VGND                                       |VGND                                       
VNB                                        |VNB                                        
VPWR                                       |VPWR                                       
VPB                                        |VPB                                        
A                                          |A                                          
Y                                          |Y                                          
---------------------------------------------------------------------------------------
Cell pin lists are equivalent.
Device classes sky130_fd_sc_hd__inv_1 and sky130_fd_sc_hd__inv_1 are equivalent.

Subcircuit summary:
Circuit 1: sky130_fd_sc_hd__mux4_1         |Circuit 2: sky130_fd_sc_hd__mux4_1         
-------------------------------------------|-------------------------------------------
sky130_fd_pr__pfet_01v8_hvt (13)           |sky130_fd_pr__pfet_01v8_hvt (13)           
sky130_fd_pr__nfet_01v8 (13)               |sky130_fd_pr__nfet_01v8 (13)               
Number of devices: 26                      |Number of devices: 26                      
Number of nets: 24                         |Number of nets: 24                         
---------------------------------------------------------------------------------------
Netlists match uniquely.

Subcircuit pins:
Circuit 1: sky130_fd_sc_hd__mux4_1         |Circuit 2: sky130_fd_sc_hd__mux4_1         
-------------------------------------------|-------------------------------------------
S1                                         |S1                                         
VPWR                                       |VPWR                                       
VGND                                       |VGND                                       
VPB                                        |VPB                                        
VNB                                        |VNB                                        
X                                          |X                                          
A1                                         |A1                                         
A3                                         |A3                                         
A0                                         |A0                                         
A2                                         |A2                                         
S0                                         |S0                                         
---------------------------------------------------------------------------------------
Cell pin lists are equivalent.
Device classes sky130_fd_sc_hd__mux4_1 and sky130_fd_sc_hd__mux4_1 are equivalent.

Subcircuit summary:
Circuit 1: sky130_fd_sc_hd__buf_1          |Circuit 2: sky130_fd_sc_hd__buf_1          
-------------------------------------------|-------------------------------------------
sky130_fd_pr__pfet_01v8_hvt (2)            |sky130_fd_pr__pfet_01v8_hvt (2)            
sky130_fd_pr__nfet_01v8 (2)                |sky130_fd_pr__nfet_01v8 (2)                
Number of devices: 4                       |Number of devices: 4                       
Number of nets: 7                          |Number of nets: 7                          
---------------------------------------------------------------------------------------
Netlists match uniquely.

Subcircuit pins:
Circuit 1: sky130_fd_sc_hd__buf_1          |Circuit 2: sky130_fd_sc_hd__buf_1          
-------------------------------------------|-------------------------------------------
VGND                                       |VGND                                       
X                                          |X                                          
VNB                                        |VNB                                        
A                                          |A                                          
VPWR                                       |VPWR                                       
VPB                                        |VPB                                        
---------------------------------------------------------------------------------------
Cell pin lists are equivalent.
Device classes sky130_fd_sc_hd__buf_1 and sky130_fd_sc_hd__buf_1 are equivalent.

Subcircuit summary:
Circuit 1: sky130_fd_sc_hd__nand2b_1       |Circuit 2: sky130_fd_sc_hd__nand2b_1       
-------------------------------------------|-------------------------------------------
sky130_fd_pr__nfet_01v8 (3)                |sky130_fd_pr__nfet_01v8 (3)                
sky130_fd_pr__pfet_01v8_hvt (3)            |sky130_fd_pr__pfet_01v8_hvt (3)            
Number of devices: 6                       |Number of devices: 6                       
Number of nets: 9                          |Number of nets: 9                          
---------------------------------------------------------------------------------------
Netlists match uniquely.

Subcircuit pins:
Circuit 1: sky130_fd_sc_hd__nand2b_1       |Circuit 2: sky130_fd_sc_hd__nand2b_1       
-------------------------------------------|-------------------------------------------
Y                                          |Y                                          
VNB                                        |VNB                                        
VPWR                                       |VPWR                                       
VPB                                        |VPB                                        
A_N                                        |A_N                                        
VGND                                       |VGND                                       
B                                          |B                                          
---------------------------------------------------------------------------------------
Cell pin lists are equivalent.
Device classes sky130_fd_sc_hd__nand2b_1 and sky130_fd_sc_hd__nand2b_1 are equivalent.
Flattening unmatched subcell sky130_fd_pr__nfet_01v8_722GYZ in circuit startup (0)(9 instances)
Flattening unmatched subcell sky130_fd_pr__nfet_01v8_DGP55P in circuit startup (0)(1 instance)
Flattening unmatched subcell sky130_fd_pr__cap_mim_m3_1_FJFAMD in circuit startup (0)(48 instances)
Flattening unmatched subcell sky130_fd_pr__pfet_01v8_ADYTEV in circuit startup (0)(1 instance)
Flattening unmatched subcell sky130_fd_pr__nfet_01v8_QWA63T in circuit startup (0)(1 instance)
Flattening unmatched subcell sky130_fd_pr__pfet_01v8_4N94TK in circuit startup (0)(2 instances)
Flattening unmatched subcell sky130_fd_pr__nfet_01v8_L9WNCD in circuit startup (0)(2 instances)
Flattening unmatched subcell sky130_fd_pr__pfet_01v8_UAU7GH in circuit startup (0)(1 instance)

Class startup (0):  Merged 59 parallel devices.
Class startup (1):  Merged 15 parallel devices.
Subcircuit summary:
Circuit 1: startup                         |Circuit 2: startup                         
-------------------------------------------|-------------------------------------------
sky130_fd_sc_hd__inv_1 (20)                |sky130_fd_sc_hd__inv_1 (20)                
sky130_fd_pr__nfet_01v8 (36->18)           |sky130_fd_pr__nfet_01v8 (35->18)           
sky130_fd_pr__cap_mim_m3_1 (48->10)        |sky130_fd_pr__cap_mim_m3_1 (48->10)        
sky130_fd_sc_hd__mux4_1 (1)                |sky130_fd_sc_hd__mux4_1 (1)                
sky130_fd_pr__pfet_01v8 (9->6)             |sky130_fd_pr__pfet_01v8 (8->6)             
sky130_fd_sc_hd__buf_1 (2)                 |sky130_fd_sc_hd__buf_1 (2)                 
sky130_fd_sc_hd__nand2b_1 (1)              |sky130_fd_sc_hd__nand2b_1 (1)              
Number of devices: 58                      |Number of devices: 58                      
Number of nets: 37                         |Number of nets: 37                         
---------------------------------------------------------------------------------------
Resolving symmetries by property value.
Resolving symmetries by pin name.
Netlists match with 1 symmetry.

Subcircuit pins:
Circuit 1: startup                         |Circuit 2: startup                         
-------------------------------------------|-------------------------------------------
trigger_line[0]                            |trigger_line[0]                            
trigger_line[1]                            |trigger_line[1]                            
uwb_trigger                                |uwb_trigger                                
osc_trigger1                               |osc_trigger1                               
osc_trigger2                               |osc_trigger2                               
delay_line[1]                              |delay_line[1]                              
delay_line[0]                              |delay_line[0]                              
delay_line[2]                              |delay_line[2]                              
delay_line[3]                              |delay_line[3]                              
delay_line[5]                              |delay_line[5]                              
delay_line[4]                              |delay_line[4]                              
vdd_startup                                |vdd_startup                                
vss_startup                                |vss_startup                                
---------------------------------------------------------------------------------------
Cell pin lists are equivalent.
Device classes startup and startup are equivalent.

Final result: Circuits match uniquely.
.
