capbank.mag
----------------------------------------
MiM cap bottom plate spacing < 1.2um (capm.2b)
----------------------------------------
 -1.220um -1.400um -0.520um 0.000um
 -0.020um -1.400um 0.000um 0.000um
 -19.220um 90.020um -13.320um 90.770um
 -12.820um 90.020um -12.120um 90.770um
 -14.020um 91.220um -13.320um 98.080um
 -14.020um 90.020um -13.320um 90.770um
 -12.820um 90.020um -6.920um 90.770um
 -6.420um 90.020um -5.720um 90.770um
 -7.620um 91.220um -6.920um 98.080um
 -7.620um 90.020um -6.920um 90.770um
 -6.420um 90.020um -0.520um 90.770um
 -0.020um 90.020um 0.000um 90.770um
 -1.220um 91.220um -0.520um 98.080um
 -1.220um 90.020um -0.520um 90.770um
 -0.020um 90.020um 0.000um 90.770um
 -19.220um 82.710um -13.320um 83.460um
 -12.820um 82.710um -12.120um 83.460um
 -14.020um 83.910um -13.320um 90.770um
 -14.020um 82.710um -13.320um 83.460um
 -12.820um 82.710um -6.920um 83.460um
 -6.420um 82.710um -5.720um 83.460um
 -7.620um 83.910um -6.920um 90.770um
 -7.620um 82.710um -6.920um 83.460um
 -6.420um 82.710um -0.520um 83.460um
 -0.020um 82.710um 0.000um 83.460um
 -1.220um 83.910um -0.520um 90.770um
 -1.220um 82.710um -0.520um 83.460um
 -0.020um 82.710um 0.000um 83.460um
 -19.220um 75.400um -13.320um 76.150um
 -12.820um 75.400um -12.120um 76.150um
 -14.020um 76.600um -13.320um 83.460um
 -14.020um 75.400um -13.320um 76.150um
 -12.820um 75.400um -6.920um 76.150um
 -6.420um 75.400um -5.720um 76.150um
 -7.620um 76.600um -6.920um 83.460um
 -7.620um 75.400um -6.920um 76.150um
 -6.420um 75.400um -0.520um 76.150um
 -0.020um 75.400um 0.000um 76.150um
 -1.220um 76.600um -0.520um 83.460um
 -1.220um 75.400um -0.520um 76.150um
 -0.020um 75.400um 0.000um 76.150um
 -14.020um 69.290um -13.320um 76.150um
 -7.620um 69.290um -6.920um 76.150um
 -1.220um 69.290um -0.520um 76.150um
 -19.220um 58.430um -13.320um 59.180um
 -12.820um 58.430um -12.120um 59.180um
 -14.020um 59.630um -13.320um 66.490um
 -14.020um 58.430um -13.320um 59.180um
 -12.820um 58.430um -6.920um 59.180um
 -6.420um 58.430um -5.720um 59.180um
 -7.620um 59.630um -6.920um 66.490um
 -7.620um 58.430um -6.920um 59.180um
 -6.420um 58.430um -0.520um 59.180um
 -0.020um 58.430um 0.000um 59.180um
 -1.220um 59.630um -0.520um 66.490um
 -1.220um 58.430um -0.520um 59.180um
 -0.020um 58.430um 0.000um 59.180um
 -19.220um 51.120um -13.320um 51.870um
 -12.820um 51.120um -12.120um 51.870um
 -14.020um 52.320um -13.320um 59.180um
 -14.020um 51.120um -13.320um 51.870um
 -12.820um 51.120um -6.920um 51.870um
 -6.420um 51.120um -5.720um 51.870um
 -7.620um 52.320um -6.920um 59.180um
 -7.620um 51.120um -6.920um 51.870um
 -6.420um 51.120um -0.520um 51.870um
 -0.020um 51.120um 0.000um 51.870um
 -1.220um 52.320um -0.520um 59.180um
 -1.220um 51.120um -0.520um 51.870um
 -0.020um 51.120um 0.000um 51.870um
 -19.220um 43.810um -13.320um 44.560um
 -12.820um 43.810um -12.120um 44.560um
 -14.020um 45.010um -13.320um 51.870um
 -14.020um 43.810um -13.320um 44.560um
 -12.820um 43.810um -6.920um 44.560um
 -6.420um 43.810um -5.720um 44.560um
 -7.620um 45.010um -6.920um 51.870um
 -7.620um 43.810um -6.920um 44.560um
 -6.420um 43.810um -0.520um 44.560um
 -0.020um 43.810um 0.000um 44.560um
 -1.220um 45.010um -0.520um 51.870um
 -1.220um 43.810um -0.520um 44.560um
 -0.020um 43.810um 0.000um 44.560um
 -19.220um 36.500um -13.320um 36.700um
 -12.820um 36.500um -12.120um 36.700um
 -14.020um 37.700um -13.320um 44.560um
 -14.020um 36.500um -13.320um 36.700um
 -12.820um 36.500um -6.920um 36.700um
 -6.420um 36.500um -5.720um 36.700um
 -7.620um 37.700um -6.920um 44.560um
 -7.620um 36.500um -6.920um 36.700um
 -6.420um 36.500um -0.520um 36.700um
 -0.020um 36.500um 0.000um 36.700um
 -1.220um 37.700um -0.520um 44.560um
 -1.220um 36.500um -0.520um 36.700um
 -0.020um 36.500um 0.000um 36.700um
 -19.220um 28.640um -13.320um 29.390um
 -12.820um 28.640um -12.120um 29.390um
 -14.020um 29.840um -13.320um 36.700um
 -14.020um 28.640um -13.320um 29.390um
 -12.820um 28.640um -6.920um 29.390um
 -6.420um 28.640um -5.720um 29.390um
 -7.620um 29.840um -6.920um 36.700um
 -7.620um 28.640um -6.920um 29.390um
 -6.420um 28.640um -0.520um 29.390um
 -0.020um 28.640um 0.000um 29.390um
 -1.220um 29.840um -0.520um 36.700um
 -1.220um 28.640um -0.520um 29.390um
 -0.020um 28.640um 0.000um 29.390um
 -14.020um 22.530um -13.320um 29.390um
 -7.620um 22.530um -6.920um 29.390um
 -1.220um 22.530um -0.520um 29.390um
 -6.420um 13.020um -0.520um 13.770um
 -0.020um 13.020um 0.000um 13.770um
 -1.220um 14.220um -0.520um 21.080um
 -1.220um 13.020um -0.520um 13.770um
 -0.020um 13.020um 0.000um 13.770um
 -1.220um 6.910um -0.520um 13.770um
 -1.220um 0.000um -0.520um 5.460um
 -12.820um 91.220um -12.120um 98.080um
 -6.420um 91.220um -5.720um 98.080um
 -0.020um 91.220um 0.000um 98.080um
 -19.220um 91.220um -13.320um 91.970um
 -14.020um 91.220um -13.320um 91.970um
 -12.820um 91.220um -6.920um 91.970um
 -7.620um 91.220um -6.920um 91.970um
 -6.420um 91.220um -0.520um 91.970um
 -1.220um 91.220um -0.520um 91.970um
 -0.020um 91.220um 0.000um 91.970um
 -12.820um 91.220um -12.120um 91.970um
 -12.820um 83.910um -12.120um 90.770um
 -6.420um 91.220um -5.720um 91.970um
 -6.420um 83.910um -5.720um 90.770um
 -0.020um 91.220um 0.000um 91.970um
 -0.020um 83.910um 0.000um 90.770um
 -19.220um 83.910um -13.320um 84.660um
 -14.020um 83.910um -13.320um 84.660um
 -12.820um 83.910um -6.920um 84.660um
 -7.620um 83.910um -6.920um 84.660um
 -6.420um 83.910um -0.520um 84.660um
 -1.220um 83.910um -0.520um 84.660um
 -0.020um 83.910um 0.000um 84.660um
 -12.820um 83.910um -12.120um 84.660um
 -12.820um 76.600um -12.120um 83.460um
 -6.420um 83.910um -5.720um 84.660um
 -6.420um 76.600um -5.720um 83.460um
 -0.020um 83.910um 0.000um 84.660um
 -0.020um 76.600um 0.000um 83.460um
 -19.220um 76.600um -13.320um 77.350um
 -14.020um 76.600um -13.320um 77.350um
 -12.820um 76.600um -6.920um 77.350um
 -7.620um 76.600um -6.920um 77.350um
 -6.420um 76.600um -0.520um 77.350um
 -1.220um 76.600um -0.520um 77.350um
 -0.020um 76.600um 0.000um 77.350um
 -12.820um 76.600um -12.120um 77.350um
 -12.820um 69.290um -12.120um 76.150um
 -6.420um 76.600um -5.720um 77.350um
 -6.420um 69.290um -5.720um 76.150um
 -0.020um 76.600um 0.000um 77.350um
 -0.020um 69.290um 0.000um 76.150um
 -12.820um 59.630um -12.120um 66.490um
 -6.420um 59.630um -5.720um 66.490um
 -0.020um 59.630um 0.000um 66.490um
 -19.220um 59.630um -13.320um 60.380um
 -14.020um 59.630um -13.320um 60.380um
 -12.820um 59.630um -6.920um 60.380um
 -7.620um 59.630um -6.920um 60.380um
 -6.420um 59.630um -0.520um 60.380um
 -1.220um 59.630um -0.520um 60.380um
 -0.020um 59.630um 0.000um 60.380um
 -12.820um 59.630um -12.120um 60.380um
 -12.820um 52.320um -12.120um 59.180um
 -6.420um 59.630um -5.720um 60.380um
 -6.420um 52.320um -5.720um 59.180um
 -0.020um 59.630um 0.000um 60.380um
 -0.020um 52.320um 0.000um 59.180um
 -19.220um 52.320um -13.320um 53.070um
 -14.020um 52.320um -13.320um 53.070um
 -12.820um 52.320um -6.920um 53.070um
 -7.620um 52.320um -6.920um 53.070um
 -6.420um 52.320um -0.520um 53.070um
 -1.220um 52.320um -0.520um 53.070um
 -0.020um 52.320um 0.000um 53.070um
 -12.820um 52.320um -12.120um 53.070um
 -12.820um 45.010um -12.120um 51.870um
 -6.420um 52.320um -5.720um 53.070um
 -6.420um 45.010um -5.720um 51.870um
 -0.020um 52.320um 0.000um 53.070um
 -0.020um 45.010um 0.000um 51.870um
 -19.220um 45.010um -13.320um 45.760um
 -14.020um 45.010um -13.320um 45.760um
 -12.820um 45.010um -6.920um 45.760um
 -7.620um 45.010um -6.920um 45.760um
 -6.420um 45.010um -0.520um 45.760um
 -1.220um 45.010um -0.520um 45.760um
 -0.020um 45.010um 0.000um 45.760um
 -12.820um 45.010um -12.120um 45.760um
 -12.820um 37.700um -12.120um 44.560um
 -6.420um 45.010um -5.720um 45.760um
 -6.420um 37.700um -5.720um 44.560um
 -0.020um 45.010um 0.000um 45.760um
 -0.020um 37.700um 0.000um 44.560um
 -19.220um 37.700um -13.320um 37.900um
 -14.020um 37.700um -13.320um 37.900um
 -12.820um 37.700um -6.920um 37.900um
 -7.620um 37.700um -6.920um 37.900um
 -6.420um 37.700um -0.520um 37.900um
 -1.220um 37.700um -0.520um 37.900um
 -0.020um 37.700um 0.000um 37.900um
 -12.820um 37.700um -12.120um 37.900um
 -12.820um 29.840um -12.120um 36.700um
 -6.420um 37.700um -5.720um 37.900um
 -6.420um 29.840um -5.720um 36.700um
 -0.020um 37.700um 0.000um 37.900um
 -0.020um 29.840um 0.000um 36.700um
 -19.220um 29.840um -13.320um 30.590um
 -14.020um 29.840um -13.320um 30.590um
 -12.820um 29.840um -6.920um 30.590um
 -7.620um 29.840um -6.920um 30.590um
 -6.420um 29.840um -0.520um 30.590um
 -1.220um 29.840um -0.520um 30.590um
 -0.020um 29.840um 0.000um 30.590um
 -12.820um 29.840um -12.120um 30.590um
 -12.820um 22.530um -12.120um 29.390um
 -6.420um 29.840um -5.720um 30.590um
 -6.420um 22.530um -5.720um 29.390um
 -0.020um 29.840um 0.000um 30.590um
 -0.020um 22.530um 0.000um 29.390um
 -0.020um 14.220um 0.000um 21.080um
 -6.420um 14.220um -0.520um 14.970um
 -1.220um 14.220um -0.520um 14.970um
 -0.020um 14.220um 0.000um 14.970um
 -0.020um 14.220um 0.000um 14.970um
 -0.020um 6.910um 0.000um 13.770um
 -0.020um 0.000um 0.000um 5.460um
 22.030um -1.400um 22.730um 0.000um
 0.000um -1.400um 0.680um 0.000um
 23.230um -1.400um 23.930um 0.000um
 0.000um 90.020um 0.680um 90.770um
 0.000um 90.020um 5.880um 90.770um
 16.830um 90.020um 22.730um 90.770um
 23.230um 90.020um 23.930um 90.770um
 22.030um 91.220um 22.730um 98.080um
 22.030um 90.020um 22.730um 90.770um
 23.230um 90.020um 29.130um 90.770um
 29.630um 90.020um 30.330um 90.770um
 28.430um 91.220um 29.130um 98.080um
 28.430um 90.020um 29.130um 90.770um
 29.630um 90.020um 35.530um 90.770um
 36.030um 90.020um 36.730um 90.770um
 34.830um 91.220um 35.530um 98.080um
 34.830um 90.020um 35.530um 90.770um
 36.030um 90.020um 41.930um 90.770um
 0.000um 82.710um 0.680um 83.460um
 0.000um 82.710um 5.880um 83.460um
 16.830um 82.710um 22.730um 83.460um
 23.230um 82.710um 23.930um 83.460um
 22.030um 83.910um 22.730um 90.770um
 22.030um 82.710um 22.730um 83.460um
 23.230um 82.710um 29.130um 83.460um
 29.630um 82.710um 30.330um 83.460um
 28.430um 83.910um 29.130um 90.770um
 28.430um 82.710um 29.130um 83.460um
 29.630um 82.710um 35.530um 83.460um
 36.030um 82.710um 36.730um 83.460um
 34.830um 83.910um 35.530um 90.770um
 34.830um 82.710um 35.530um 83.460um
 36.030um 82.710um 41.930um 83.460um
 0.000um 75.400um 0.680um 76.150um
 0.000um 75.400um 5.880um 76.150um
 16.830um 75.400um 22.730um 76.150um
 23.230um 75.400um 23.930um 76.150um
 22.030um 76.600um 22.730um 83.460um
 22.030um 75.400um 22.730um 76.150um
 23.230um 75.400um 29.130um 76.150um
 29.630um 75.400um 30.330um 76.150um
 28.430um 76.600um 29.130um 83.460um
 28.430um 75.400um 29.130um 76.150um
 29.630um 75.400um 35.530um 76.150um
 36.030um 75.400um 36.730um 76.150um
 34.830um 76.600um 35.530um 83.460um
 34.830um 75.400um 35.530um 76.150um
 36.030um 75.400um 41.930um 76.150um
 22.030um 69.290um 22.730um 76.150um
 28.430um 69.290um 29.130um 76.150um
 34.830um 69.290um 35.530um 76.150um
 0.000um 58.430um 0.680um 59.180um
 0.000um 58.430um 5.880um 59.180um
 16.830um 58.430um 22.730um 59.180um
 23.230um 58.430um 23.930um 59.180um
 22.030um 59.630um 22.730um 66.490um
 22.030um 58.430um 22.730um 59.180um
 23.230um 58.430um 29.130um 59.180um
 29.630um 58.430um 30.330um 59.180um
 28.430um 59.630um 29.130um 66.490um
 28.430um 58.430um 29.130um 59.180um
 29.630um 58.430um 35.530um 59.180um
 36.030um 58.430um 36.730um 59.180um
 34.830um 59.630um 35.530um 66.490um
 34.830um 58.430um 35.530um 59.180um
 36.030um 58.430um 41.930um 59.180um
 0.000um 51.120um 0.680um 51.870um
 0.000um 51.120um 5.880um 51.870um
 16.830um 51.120um 22.730um 51.870um
 23.230um 51.120um 23.930um 51.870um
 22.030um 52.320um 22.730um 59.180um
 22.030um 51.120um 22.730um 51.870um
 23.230um 51.120um 29.130um 51.870um
 29.630um 51.120um 30.330um 51.870um
 28.430um 52.320um 29.130um 59.180um
 28.430um 51.120um 29.130um 51.870um
 29.630um 51.120um 35.530um 51.870um
 36.030um 51.120um 36.730um 51.870um
 34.830um 52.320um 35.530um 59.180um
 34.830um 51.120um 35.530um 51.870um
 36.030um 51.120um 41.930um 51.870um
 0.000um 43.810um 0.680um 44.560um
 0.000um 43.810um 5.880um 44.560um
 16.830um 43.810um 22.730um 44.560um
 23.230um 43.810um 23.930um 44.560um
 22.030um 45.010um 22.730um 51.870um
 22.030um 43.810um 22.730um 44.560um
 23.230um 43.810um 29.130um 44.560um
 29.630um 43.810um 30.330um 44.560um
 28.430um 45.010um 29.130um 51.870um
 28.430um 43.810um 29.130um 44.560um
 29.630um 43.810um 35.530um 44.560um
 36.030um 43.810um 36.730um 44.560um
 34.830um 45.010um 35.530um 51.870um
 34.830um 43.810um 35.530um 44.560um
 36.030um 43.810um 41.930um 44.560um
 0.000um 36.500um 0.680um 36.700um
 0.000um 36.500um 5.880um 36.700um
 16.830um 36.500um 22.730um 36.700um
 23.230um 36.500um 23.930um 36.700um
 22.030um 37.700um 22.730um 44.560um
 22.030um 36.500um 22.730um 36.700um
 23.230um 36.500um 29.130um 36.700um
 29.630um 36.500um 30.330um 36.700um
 28.430um 37.700um 29.130um 44.560um
 28.430um 36.500um 29.130um 36.700um
 29.630um 36.500um 35.530um 36.700um
 36.030um 36.500um 36.730um 36.700um
 34.830um 37.700um 35.530um 44.560um
 34.830um 36.500um 35.530um 36.700um
 36.030um 36.500um 41.930um 36.700um
 0.000um 28.640um 0.680um 29.390um
 0.000um 28.640um 5.880um 29.390um
 16.830um 28.640um 22.730um 29.390um
 23.230um 28.640um 23.930um 29.390um
 22.030um 29.840um 22.730um 36.700um
 22.030um 28.640um 22.730um 29.390um
 23.230um 28.640um 29.130um 29.390um
 29.630um 28.640um 30.330um 29.390um
 28.430um 29.840um 29.130um 36.700um
 28.430um 28.640um 29.130um 29.390um
 29.630um 28.640um 35.530um 29.390um
 36.030um 28.640um 36.730um 29.390um
 34.830um 29.840um 35.530um 36.700um
 34.830um 28.640um 35.530um 29.390um
 36.030um 28.640um 41.930um 29.390um
 22.030um 22.530um 22.730um 29.390um
 28.430um 22.530um 29.130um 29.390um
 34.830um 22.530um 35.530um 29.390um
 0.000um 13.020um 0.680um 13.770um
 0.000um 13.020um 5.880um 13.770um
 16.830um 13.020um 22.730um 13.770um
 23.230um 13.020um 23.930um 13.770um
 22.030um 14.220um 22.730um 21.080um
 22.030um 13.020um 22.730um 13.770um
 23.230um 13.020um 29.130um 13.770um
 22.030um 6.910um 22.730um 13.770um
 22.030um 0.000um 22.730um 5.460um
 0.000um 91.220um 0.680um 98.080um
 23.230um 91.220um 23.930um 98.080um
 29.630um 91.220um 30.330um 98.080um
 36.030um 91.220um 36.730um 98.080um
 0.000um 91.220um 5.880um 91.970um
 16.830um 91.220um 22.730um 91.970um
 22.030um 91.220um 22.730um 91.970um
 23.230um 91.220um 29.130um 91.970um
 28.430um 91.220um 29.130um 91.970um
 29.630um 91.220um 35.530um 91.970um
 34.830um 91.220um 35.530um 91.970um
 36.030um 91.220um 41.930um 91.970um
 0.000um 91.220um 0.680um 91.970um
 0.000um 83.910um 0.680um 90.770um
 23.230um 91.220um 23.930um 91.970um
 23.230um 83.910um 23.930um 90.770um
 29.630um 91.220um 30.330um 91.970um
 29.630um 83.910um 30.330um 90.770um
 36.030um 91.220um 36.730um 91.970um
 36.030um 83.910um 36.730um 90.770um
 0.000um 83.910um 5.880um 84.660um
 16.830um 83.910um 22.730um 84.660um
 22.030um 83.910um 22.730um 84.660um
 23.230um 83.910um 29.130um 84.660um
 28.430um 83.910um 29.130um 84.660um
 29.630um 83.910um 35.530um 84.660um
 34.830um 83.910um 35.530um 84.660um
 36.030um 83.910um 41.930um 84.660um
 0.000um 83.910um 0.680um 84.660um
 0.000um 76.600um 0.680um 83.460um
 23.230um 83.910um 23.930um 84.660um
 23.230um 76.600um 23.930um 83.460um
 29.630um 83.910um 30.330um 84.660um
 29.630um 76.600um 30.330um 83.460um
 36.030um 83.910um 36.730um 84.660um
 36.030um 76.600um 36.730um 83.460um
 0.000um 76.600um 5.880um 77.350um
 16.830um 76.600um 22.730um 77.350um
 22.030um 76.600um 22.730um 77.350um
 23.230um 76.600um 29.130um 77.350um
 28.430um 76.600um 29.130um 77.350um
 29.630um 76.600um 35.530um 77.350um
 34.830um 76.600um 35.530um 77.350um
 36.030um 76.600um 41.930um 77.350um
 0.000um 76.600um 0.680um 77.350um
 0.000um 69.290um 0.680um 76.150um
 23.230um 76.600um 23.930um 77.350um
 23.230um 69.290um 23.930um 76.150um
 29.630um 76.600um 30.330um 77.350um
 29.630um 69.290um 30.330um 76.150um
 36.030um 76.600um 36.730um 77.350um
 36.030um 69.290um 36.730um 76.150um
 0.000um 59.630um 0.680um 66.490um
 23.230um 59.630um 23.930um 66.490um
 29.630um 59.630um 30.330um 66.490um
 36.030um 59.630um 36.730um 66.490um
 0.000um 59.630um 5.880um 60.380um
 16.830um 59.630um 22.730um 60.380um
 22.030um 59.630um 22.730um 60.380um
 23.230um 59.630um 29.130um 60.380um
 28.430um 59.630um 29.130um 60.380um
 29.630um 59.630um 35.530um 60.380um
 34.830um 59.630um 35.530um 60.380um
 36.030um 59.630um 41.930um 60.380um
 0.000um 59.630um 0.680um 60.380um
 0.000um 52.320um 0.680um 59.180um
 23.230um 59.630um 23.930um 60.380um
 23.230um 52.320um 23.930um 59.180um
 29.630um 59.630um 30.330um 60.380um
 29.630um 52.320um 30.330um 59.180um
 36.030um 59.630um 36.730um 60.380um
 36.030um 52.320um 36.730um 59.180um
 0.000um 52.320um 5.880um 53.070um
 16.830um 52.320um 22.730um 53.070um
 22.030um 52.320um 22.730um 53.070um
 23.230um 52.320um 29.130um 53.070um
 28.430um 52.320um 29.130um 53.070um
 29.630um 52.320um 35.530um 53.070um
 34.830um 52.320um 35.530um 53.070um
 36.030um 52.320um 41.930um 53.070um
 0.000um 52.320um 0.680um 53.070um
 0.000um 45.010um 0.680um 51.870um
 23.230um 52.320um 23.930um 53.070um
 23.230um 45.010um 23.930um 51.870um
 29.630um 52.320um 30.330um 53.070um
 29.630um 45.010um 30.330um 51.870um
 36.030um 52.320um 36.730um 53.070um
 36.030um 45.010um 36.730um 51.870um
 0.000um 45.010um 5.880um 45.760um
 16.830um 45.010um 22.730um 45.760um
 22.030um 45.010um 22.730um 45.760um
 23.230um 45.010um 29.130um 45.760um
 28.430um 45.010um 29.130um 45.760um
 29.630um 45.010um 35.530um 45.760um
 34.830um 45.010um 35.530um 45.760um
 36.030um 45.010um 41.930um 45.760um
 0.000um 45.010um 0.680um 45.760um
 0.000um 37.700um 0.680um 44.560um
 23.230um 45.010um 23.930um 45.760um
 23.230um 37.700um 23.930um 44.560um
 29.630um 45.010um 30.330um 45.760um
 29.630um 37.700um 30.330um 44.560um
 36.030um 45.010um 36.730um 45.760um
 36.030um 37.700um 36.730um 44.560um
 0.000um 37.700um 5.880um 37.900um
 16.830um 37.700um 22.730um 37.900um
 22.030um 37.700um 22.730um 37.900um
 23.230um 37.700um 29.130um 37.900um
 28.430um 37.700um 29.130um 37.900um
 29.630um 37.700um 35.530um 37.900um
 34.830um 37.700um 35.530um 37.900um
 36.030um 37.700um 41.930um 37.900um
 0.000um 37.700um 0.680um 37.900um
 0.000um 29.840um 0.680um 36.700um
 23.230um 37.700um 23.930um 37.900um
 23.230um 29.840um 23.930um 36.700um
 29.630um 37.700um 30.330um 37.900um
 29.630um 29.840um 30.330um 36.700um
 36.030um 37.700um 36.730um 37.900um
 36.030um 29.840um 36.730um 36.700um
 0.000um 29.840um 5.880um 30.590um
 16.830um 29.840um 22.730um 30.590um
 22.030um 29.840um 22.730um 30.590um
 23.230um 29.840um 29.130um 30.590um
 28.430um 29.840um 29.130um 30.590um
 29.630um 29.840um 35.530um 30.590um
 34.830um 29.840um 35.530um 30.590um
 36.030um 29.840um 41.930um 30.590um
 0.000um 29.840um 0.680um 30.590um
 0.000um 22.530um 0.680um 29.390um
 23.230um 29.840um 23.930um 30.590um
 23.230um 22.530um 23.930um 29.390um
 29.630um 29.840um 30.330um 30.590um
 29.630um 22.530um 30.330um 29.390um
 36.030um 29.840um 36.730um 30.590um
 36.030um 22.530um 36.730um 29.390um
 0.000um 14.220um 0.680um 21.080um
 23.230um 14.220um 23.930um 21.080um
 0.000um 14.220um 5.880um 14.970um
 16.830um 14.220um 22.730um 14.970um
 22.030um 14.220um 22.730um 14.970um
 23.230um 14.220um 29.130um 14.970um
 0.000um 14.220um 0.680um 14.970um
 0.000um 6.910um 0.680um 13.770um
 23.230um 14.220um 23.930um 14.970um
 23.230um 6.910um 23.930um 13.770um
 0.000um 0.000um 0.680um 5.460um
 23.230um 0.000um 23.930um 5.460um
----------------------------------------
[INFO] COUNT: 522
[INFO] Should be divided by 3 or 4

